<?xml version="1.0" encoding="utf-8"?><testsuites name="pytest tests"><testsuite name="pytest" errors="0" failures="0" skipped="0" tests="9" time="0.886" timestamp="2026-01-13T20:06:26.869842+00:00" hostname="agent-env-2cdaf6b6-1b22-4c8e-9dfb-da8e11073d48"><testcase classname="tests.test_long_videos_api.TestLongVideosAPI" name="test_get_long_videos" time="0.099" /><testcase classname="tests.test_long_videos_api.TestLongVideosAPI" name="test_create_long_video_with_youtube_url" time="0.133" /><testcase classname="tests.test_long_videos_api.TestLongVideosAPI" name="test_create_long_video_with_custom_thumbnail" time="0.215" /><testcase classname="tests.test_long_videos_api.TestLongVideosAPI" name="test_create_long_video_without_thumbnail" time="0.089" /><testcase classname="tests.test_long_videos_api.TestLongVideosAPI" name="test_delete_long_video" time="0.128" /><testcase classname="tests.test_long_videos_api.TestLongVideosAPI" name="test_existing_videos_have_youtube_urls" time="0.037" /><testcase classname="tests.test_long_videos_api.TestShortVideosAPI" name="test_get_short_videos" time="0.038" /><testcase classname="tests.test_long_videos_api.TestAdminLogin" name="test_admin_login_success" time="0.038" /><testcase classname="tests.test_long_videos_api.TestAdminLogin" name="test_admin_login_failure" time="0.047" /></testsuite></testsuites>